<?xml version="1.0" encoding="UTF-8"?>
<!-- Generated by org.testng.reporters.JUnitReportReporter -->
<testsuite hostname="Sanoop-pc" failures="0" tests="9" name="testpkg.Skinstoretest" time="38.087" errors="0" timestamp="2024-05-29T15:19:12 IST" skipped="0">
  <testcase classname="testpkg.Skinstoretest" name="logintest" time="5.026"/>
  <testcase classname="testpkg.Skinstoretest" name="skintest" time="10.162"/>
  <testcase classname="testpkg.Skinstoretest" name="addcart" time="6.878"/>
  <testcase classname="testpkg.Skinstoretest" name="wishlist" time="3.263"/>
  <testcase classname="testpkg.Skinstoretest" name="searchtest" time="2.865"/>
  <testcase classname="testpkg.Skinstoretest" name="viewcarttest" time="5.530"/>
  <testcase classname="testpkg.Skinstoretest" name="scrnshottest" time="2.129"/>
  <testcase classname="testpkg.Skinstoretest" name="menutest" time="1.372"/>
  <testcase classname="testpkg.Skinstoretest" name="linkcount" time="0.862"/>
</testsuite> <!-- testpkg.Skinstoretest -->
